<?xml version="1.0" encoding="UTF-8"?>
<coverage generated="1520104602301" clover="3.2.0">
  <project timestamp="1520104602301" name="All files">
    <metrics statements="82" coveredstatements="62" conditionals="17" coveredconditionals="7" methods="15" coveredmethods="8" elements="114" coveredelements="77" complexity="0" loc="82" ncloc="82" packages="3" files="7" classes="7">
      <package name="authBridge">
        <metrics statements="11" coveredstatements="7" conditionals="4" coveredconditionals="1" methods="1" coveredmethods="0"/>
        <file name="server.js" path="/Users/anmolvarma/authBridge/server.js">
          <metrics statements="11" coveredstatements="7" conditionals="4" coveredconditionals="1" methods="1" coveredmethods="0"/>
          <line num="1" count="1" type="stmt"/>
          <line num="2" count="1" type="stmt"/>
          <line num="4" count="1" type="stmt"/>
          <line num="5" count="1" type="stmt"/>
          <line num="9" count="1" type="stmt"/>
          <line num="11" count="1" type="cond" truecount="1" falsecount="1"/>
          <line num="12" count="0" type="stmt"/>
          <line num="13" count="0" type="cond" truecount="0" falsecount="2"/>
          <line num="14" count="0" type="stmt"/>
          <line num="16" count="0" type="stmt"/>
          <line num="20" count="1" type="stmt"/>
        </file>
      </package>
      <package name="authBridge.models">
        <metrics statements="26" coveredstatements="24" conditionals="9" coveredconditionals="6" methods="5" coveredmethods="5"/>
        <file name="index.js" path="/Users/anmolvarma/authBridge/models/index.js">
          <metrics statements="20" coveredstatements="18" conditionals="9" coveredconditionals="6" methods="3" coveredmethods="3"/>
          <line num="3" count="1" type="stmt"/>
          <line num="4" count="1" type="stmt"/>
          <line num="5" count="1" type="stmt"/>
          <line num="6" count="1" type="stmt"/>
          <line num="7" count="1" type="cond" truecount="1" falsecount="1"/>
          <line num="8" count="1" type="stmt"/>
          <line num="9" count="1" type="stmt"/>
          <line num="11" count="1" type="cond" truecount="1" falsecount="1"/>
          <line num="12" count="0" type="stmt"/>
          <line num="14" count="1" type="stmt"/>
          <line num="17" count="1" type="stmt"/>
          <line num="20" count="3" type="cond" truecount="3" falsecount="0"/>
          <line num="23" count="2" type="stmt"/>
          <line num="24" count="2" type="stmt"/>
          <line num="27" count="1" type="stmt"/>
          <line num="28" count="2" type="cond" truecount="1" falsecount="1"/>
          <line num="29" count="0" type="stmt"/>
          <line num="33" count="1" type="stmt"/>
          <line num="34" count="1" type="stmt"/>
          <line num="36" count="1" type="stmt"/>
        </file>
        <file name="otp_verify.js" path="/Users/anmolvarma/authBridge/models/otp_verify.js">
          <metrics statements="3" coveredstatements="3" conditionals="0" coveredconditionals="0" methods="1" coveredmethods="1"/>
          <line num="1" count="1" type="stmt"/>
          <line num="2" count="1" type="stmt"/>
          <line num="16" count="1" type="stmt"/>
        </file>
        <file name="user.js" path="/Users/anmolvarma/authBridge/models/user.js">
          <metrics statements="3" coveredstatements="3" conditionals="0" coveredconditionals="0" methods="1" coveredmethods="1"/>
          <line num="1" count="1" type="stmt"/>
          <line num="2" count="1" type="stmt"/>
          <line num="28" count="1" type="stmt"/>
        </file>
      </package>
      <package name="authBridge.routes">
        <metrics statements="45" coveredstatements="31" conditionals="4" coveredconditionals="0" methods="9" coveredmethods="3"/>
        <file name="addUserToAadhaarDB.js" path="/Users/anmolvarma/authBridge/routes/addUserToAadhaarDB.js">
          <metrics statements="23" coveredstatements="23" conditionals="0" coveredconditionals="0" methods="3" coveredmethods="3"/>
          <line num="1" count="1" type="stmt"/>
          <line num="2" count="1" type="stmt"/>
          <line num="3" count="1" type="stmt"/>
          <line num="5" count="1" type="stmt"/>
          <line num="7" count="1" type="stmt"/>
          <line num="13" count="2" type="stmt"/>
          <line num="14" count="2" type="stmt"/>
          <line num="15" count="2" type="stmt"/>
          <line num="16" count="2" type="stmt"/>
          <line num="17" count="2" type="stmt"/>
          <line num="18" count="2" type="stmt"/>
          <line num="19" count="2" type="stmt"/>
          <line num="20" count="2" type="stmt"/>
          <line num="21" count="2" type="stmt"/>
          <line num="22" count="2" type="stmt"/>
          <line num="23" count="2" type="stmt"/>
          <line num="24" count="2" type="stmt"/>
          <line num="25" count="2" type="stmt"/>
          <line num="26" count="2" type="stmt"/>
          <line num="27" count="2" type="stmt"/>
          <line num="28" count="2" type="stmt"/>
          <line num="29" count="2" type="stmt"/>
          <line num="30" count="1" type="stmt"/>
        </file>
        <file name="index.js" path="/Users/anmolvarma/authBridge/routes/index.js">
          <metrics statements="3" coveredstatements="3" conditionals="0" coveredconditionals="0" methods="0" coveredmethods="0"/>
          <line num="1" count="1" type="stmt"/>
          <line num="2" count="1" type="stmt"/>
          <line num="5" count="1" type="stmt"/>
        </file>
        <file name="sendOtpToUser.js" path="/Users/anmolvarma/authBridge/routes/sendOtpToUser.js">
          <metrics statements="19" coveredstatements="5" conditionals="4" coveredconditionals="0" methods="6" coveredmethods="0"/>
          <line num="1" count="1" type="stmt"/>
          <line num="2" count="1" type="stmt"/>
          <line num="3" count="1" type="stmt"/>
          <line num="5" count="1" type="stmt"/>
          <line num="6" count="0" type="stmt"/>
          <line num="7" count="0" type="stmt"/>
          <line num="10" count="1" type="stmt"/>
          <line num="15" count="0" type="stmt"/>
          <line num="16" count="0" type="cond" truecount="0" falsecount="2"/>
          <line num="17" count="0" type="stmt"/>
          <line num="19" count="0" type="stmt"/>
          <line num="20" count="0" type="stmt"/>
          <line num="21" count="0" type="stmt"/>
          <line num="22" count="0" type="stmt"/>
          <line num="24" count="0" type="stmt"/>
          <line num="25" count="0" type="cond" truecount="0" falsecount="2"/>
          <line num="26" count="0" type="stmt"/>
          <line num="30" count="0" type="stmt"/>
          <line num="34" count="0" type="stmt"/>
        </file>
      </package>
    </metrics>
  </project>
</coverage>
