{"/Users/anmolvarma/authBridge/server.js": {"path":"/Users/anmolvarma/authBridge/server.js","statementMap":{"0":{"start":{"line":1,"column":13},"end":{"line":1,"column":28}},"1":{"start":{"line":2,"column":15},"end":{"line":2,"column":34}},"2":{"start":{"line":4,"column":15},"end":{"line":4,"column":32}},"3":{"start":{"line":5,"column":0},"end":{"line":8,"column":3}},"4":{"start":{"line":9,"column":0},"end":{"line":9,"column":21}},"5":{"start":{"line":11,"column":0},"end":{"line":18,"column":1}},"6":{"start":{"line":12,"column":2},"end":{"line":17,"column":5}},"7":{"start":{"line":13,"column":4},"end":{"line":15,"column":5}},"8":{"start":{"line":14,"column":6},"end":{"line":14,"column":18}},"9":{"start":{"line":16,"column":4},"end":{"line":16,"column":56}},"10":{"start":{"line":20,"column":0},"end":{"line":20,"column":24}}},"fnMap":{"0":{"name":"(anonymous_0)","decl":{"start":{"line":12,"column":15},"end":{"line":12,"column":16}},"loc":{"start":{"line":12,"column":24},"end":{"line":17,"column":3}},"line":12}},"branchMap":{"0":{"loc":{"start":{"line":11,"column":0},"end":{"line":18,"column":1}},"type":"if","locations":[{"start":{"line":11,"column":0},"end":{"line":18,"column":1}},{"start":{"line":11,"column":0},"end":{"line":18,"column":1}}],"line":11},"1":{"loc":{"start":{"line":13,"column":4},"end":{"line":15,"column":5}},"type":"if","locations":[{"start":{"line":13,"column":4},"end":{"line":15,"column":5}},{"start":{"line":13,"column":4},"end":{"line":15,"column":5}}],"line":13}},"s":{"0":1,"1":1,"2":1,"3":1,"4":1,"5":1,"6":0,"7":0,"8":0,"9":0,"10":1},"f":{"0":0},"b":{"0":[0,1],"1":[0,0]},"_coverageSchema":"332fd63041d2c1bcb487cc26dd0d5f7d97098a6c","hash":"551dc09136cf631106294e563007ba98cdf3154d"}
,"/Users/anmolvarma/authBridge/models/index.js": {"path":"/Users/anmolvarma/authBridge/models/index.js","statementMap":{"0":{"start":{"line":3,"column":16},"end":{"line":3,"column":29}},"1":{"start":{"line":4,"column":16},"end":{"line":4,"column":31}},"2":{"start":{"line":5,"column":16},"end":{"line":5,"column":36}},"3":{"start":{"line":6,"column":16},"end":{"line":6,"column":41}},"4":{"start":{"line":7,"column":16},"end":{"line":7,"column":53}},"5":{"start":{"line":8,"column":16},"end":{"line":8,"column":66}},"6":{"start":{"line":9,"column":16},"end":{"line":9,"column":18}},"7":{"start":{"line":11,"column":0},"end":{"line":15,"column":1}},"8":{"start":{"line":12,"column":18},"end":{"line":12,"column":77}},"9":{"start":{"line":14,"column":18},"end":{"line":14,"column":90}},"10":{"start":{"line":17,"column":0},"end":{"line":25,"column":5}},"11":{"start":{"line":20,"column":4},"end":{"line":20,"column":90}},"12":{"start":{"line":23,"column":16},"end":{"line":23,"column":63}},"13":{"start":{"line":24,"column":4},"end":{"line":24,"column":27}},"14":{"start":{"line":27,"column":0},"end":{"line":31,"column":3}},"15":{"start":{"line":28,"column":2},"end":{"line":30,"column":3}},"16":{"start":{"line":29,"column":4},"end":{"line":29,"column":32}},"17":{"start":{"line":33,"column":0},"end":{"line":33,"column":25}},"18":{"start":{"line":34,"column":0},"end":{"line":34,"column":25}},"19":{"start":{"line":36,"column":0},"end":{"line":36,"column":20}}},"fnMap":{"0":{"name":"(anonymous_0)","decl":{"start":{"line":19,"column":10},"end":{"line":19,"column":11}},"loc":{"start":{"line":19,"column":18},"end":{"line":21,"column":3}},"line":19},"1":{"name":"(anonymous_1)","decl":{"start":{"line":22,"column":11},"end":{"line":22,"column":12}},"loc":{"start":{"line":22,"column":19},"end":{"line":25,"column":3}},"line":22},"2":{"name":"(anonymous_2)","decl":{"start":{"line":27,"column":24},"end":{"line":27,"column":25}},"loc":{"start":{"line":27,"column":37},"end":{"line":31,"column":1}},"line":27}},"branchMap":{"0":{"loc":{"start":{"line":7,"column":16},"end":{"line":7,"column":53}},"type":"binary-expr","locations":[{"start":{"line":7,"column":16},"end":{"line":7,"column":36}},{"start":{"line":7,"column":40},"end":{"line":7,"column":53}}],"line":7},"1":{"loc":{"start":{"line":11,"column":0},"end":{"line":15,"column":1}},"type":"if","locations":[{"start":{"line":11,"column":0},"end":{"line":15,"column":1}},{"start":{"line":11,"column":0},"end":{"line":15,"column":1}}],"line":11},"2":{"loc":{"start":{"line":20,"column":11},"end":{"line":20,"column":89}},"type":"binary-expr","locations":[{"start":{"line":20,"column":12},"end":{"line":20,"column":35}},{"start":{"line":20,"column":41},"end":{"line":20,"column":58}},{"start":{"line":20,"column":64},"end":{"line":20,"column":88}}],"line":20},"3":{"loc":{"start":{"line":28,"column":2},"end":{"line":30,"column":3}},"type":"if","locations":[{"start":{"line":28,"column":2},"end":{"line":30,"column":3}},{"start":{"line":28,"column":2},"end":{"line":30,"column":3}}],"line":28}},"s":{"0":1,"1":1,"2":1,"3":1,"4":1,"5":1,"6":1,"7":1,"8":0,"9":1,"10":1,"11":3,"12":2,"13":2,"14":1,"15":2,"16":0,"17":1,"18":1,"19":1},"f":{"0":3,"1":2,"2":2},"b":{"0":[1,0],"1":[0,1],"2":[3,3,2],"3":[0,2]},"_coverageSchema":"332fd63041d2c1bcb487cc26dd0d5f7d97098a6c","hash":"23a0b868d2cf996768970c07abfbbeec1ede66bb"}
,"/Users/anmolvarma/authBridge/models/otp_verify.js": {"path":"/Users/anmolvarma/authBridge/models/otp_verify.js","statementMap":{"0":{"start":{"line":1,"column":0},"end":{"line":17,"column":2}},"1":{"start":{"line":2,"column":20},"end":{"line":15,"column":4}},"2":{"start":{"line":16,"column":2},"end":{"line":16,"column":19}}},"fnMap":{"0":{"name":"(anonymous_0)","decl":{"start":{"line":1,"column":17},"end":{"line":1,"column":18}},"loc":{"start":{"line":1,"column":43},"end":{"line":17,"column":1}},"line":1}},"branchMap":{},"s":{"0":1,"1":1,"2":1},"f":{"0":1},"b":{},"_coverageSchema":"332fd63041d2c1bcb487cc26dd0d5f7d97098a6c","hash":"d16ca759034f8865a856382368edcd63766eddf3"}
,"/Users/anmolvarma/authBridge/models/user.js": {"path":"/Users/anmolvarma/authBridge/models/user.js","statementMap":{"0":{"start":{"line":1,"column":0},"end":{"line":29,"column":2}},"1":{"start":{"line":2,"column":15},"end":{"line":27,"column":4}},"2":{"start":{"line":28,"column":2},"end":{"line":28,"column":14}}},"fnMap":{"0":{"name":"(anonymous_0)","decl":{"start":{"line":1,"column":17},"end":{"line":1,"column":18}},"loc":{"start":{"line":1,"column":43},"end":{"line":29,"column":1}},"line":1}},"branchMap":{},"s":{"0":1,"1":1,"2":1},"f":{"0":1},"b":{},"_coverageSchema":"332fd63041d2c1bcb487cc26dd0d5f7d97098a6c","hash":"ccc9a5f0755dbf14e498c0f6ed5c297b859a1568"}
,"/Users/anmolvarma/authBridge/routes/addUserToAadhaarDB.js": {"path":"/Users/anmolvarma/authBridge/routes/addUserToAadhaarDB.js","statementMap":{"0":{"start":{"line":1,"column":15},"end":{"line":1,"column":35}},"1":{"start":{"line":2,"column":16},"end":{"line":2,"column":30}},"2":{"start":{"line":3,"column":18},"end":{"line":3,"column":48}},"3":{"start":{"line":5,"column":12},"end":{"line":5,"column":37}},"4":{"start":{"line":7,"column":0},"end":{"line":51,"column":5}},"5":{"start":{"line":13,"column":27},"end":{"line":13,"column":29}},"6":{"start":{"line":14,"column":8},"end":{"line":14,"column":58}},"7":{"start":{"line":15,"column":8},"end":{"line":15,"column":47}},"8":{"start":{"line":16,"column":8},"end":{"line":16,"column":45}},"9":{"start":{"line":17,"column":8},"end":{"line":17,"column":51}},"10":{"start":{"line":18,"column":8},"end":{"line":18,"column":53}},"11":{"start":{"line":19,"column":8},"end":{"line":19,"column":43}},"12":{"start":{"line":20,"column":8},"end":{"line":20,"column":49}},"13":{"start":{"line":21,"column":8},"end":{"line":21,"column":51}},"14":{"start":{"line":22,"column":8},"end":{"line":22,"column":55}},"15":{"start":{"line":23,"column":8},"end":{"line":23,"column":49}},"16":{"start":{"line":24,"column":8},"end":{"line":24,"column":57}},"17":{"start":{"line":25,"column":8},"end":{"line":25,"column":51}},"18":{"start":{"line":26,"column":8},"end":{"line":26,"column":49}},"19":{"start":{"line":27,"column":8},"end":{"line":27,"column":48}},"20":{"start":{"line":28,"column":8},"end":{"line":28,"column":48}},"21":{"start":{"line":29,"column":8},"end":{"line":30,"column":99}},"22":{"start":{"line":29,"column":57},"end":{"line":29,"column":108}},"23":{"start":{"line":30,"column":24},"end":{"line":30,"column":97}}},"fnMap":{"0":{"name":"(anonymous_0)","decl":{"start":{"line":12,"column":15},"end":{"line":12,"column":16}},"loc":{"start":{"line":12,"column":35},"end":{"line":31,"column":7}},"line":12},"1":{"name":"(anonymous_1)","decl":{"start":{"line":29,"column":51},"end":{"line":29,"column":52}},"loc":{"start":{"line":29,"column":57},"end":{"line":29,"column":108}},"line":29},"2":{"name":"(anonymous_2)","decl":{"start":{"line":30,"column":17},"end":{"line":30,"column":18}},"loc":{"start":{"line":30,"column":24},"end":{"line":30,"column":97}},"line":30}},"branchMap":{},"s":{"0":1,"1":1,"2":1,"3":1,"4":1,"5":2,"6":2,"7":2,"8":2,"9":2,"10":2,"11":2,"12":2,"13":2,"14":2,"15":2,"16":2,"17":2,"18":2,"19":2,"20":2,"21":2,"22":1,"23":1},"f":{"0":2,"1":1,"2":1},"b":{},"_coverageSchema":"332fd63041d2c1bcb487cc26dd0d5f7d97098a6c","hash":"4a189f9584e9ceaa52e4bc602bf3d72c82336bcd"}
,"/Users/anmolvarma/authBridge/routes/index.js": {"path":"/Users/anmolvarma/authBridge/routes/index.js","statementMap":{"0":{"start":{"line":1,"column":16},"end":{"line":1,"column":47}},"1":{"start":{"line":2,"column":16},"end":{"line":2,"column":42}},"2":{"start":{"line":3,"column":18},"end":{"line":3,"column":40}},"3":{"start":{"line":5,"column":0},"end":{"line":5,"column":56}}},"fnMap":{},"branchMap":{},"s":{"0":1,"1":1,"2":1,"3":1},"f":{},"b":{},"_coverageSchema":"332fd63041d2c1bcb487cc26dd0d5f7d97098a6c","hash":"f611bd01fcd58b81662f3f6f969aa04b02d25945"}
,"/Users/anmolvarma/authBridge/routes/sendOtpToUser.js": {"path":"/Users/anmolvarma/authBridge/routes/sendOtpToUser.js","statementMap":{"0":{"start":{"line":1,"column":15},"end":{"line":1,"column":33}},"1":{"start":{"line":2,"column":14},"end":{"line":2,"column":73}},"2":{"start":{"line":3,"column":15},"end":{"line":3,"column":35}},"3":{"start":{"line":5,"column":20},"end":{"line":8,"column":1}},"4":{"start":{"line":6,"column":14},"end":{"line":6,"column":55}},"5":{"start":{"line":7,"column":2},"end":{"line":7,"column":13}},"6":{"start":{"line":10,"column":0},"end":{"line":35,"column":5}},"7":{"start":{"line":14,"column":33},"end":{"line":34,"column":94}},"8":{"start":{"line":16,"column":8},"end":{"line":18,"column":9}},"9":{"start":{"line":17,"column":10},"end":{"line":17,"column":80}},"10":{"start":{"line":19,"column":26},"end":{"line":19,"column":34}},"11":{"start":{"line":20,"column":20},"end":{"line":20,"column":33}},"12":{"start":{"line":21,"column":25},"end":{"line":21,"column":41}},"13":{"start":{"line":22,"column":8},"end":{"line":33,"column":12}},"14":{"start":{"line":24,"column":33},"end":{"line":33,"column":10}},"15":{"start":{"line":25,"column":10},"end":{"line":29,"column":11}},"16":{"start":{"line":26,"column":12},"end":{"line":28,"column":15}},"17":{"start":{"line":30,"column":10},"end":{"line":32,"column":13}},"18":{"start":{"line":34,"column":22},"end":{"line":34,"column":93}}},"fnMap":{"0":{"name":"(anonymous_0)","decl":{"start":{"line":5,"column":20},"end":{"line":5,"column":21}},"loc":{"start":{"line":5,"column":26},"end":{"line":8,"column":1}},"line":5},"1":{"name":"(anonymous_1)","decl":{"start":{"line":14,"column":13},"end":{"line":14,"column":14}},"loc":{"start":{"line":14,"column":33},"end":{"line":34,"column":94}},"line":14},"2":{"name":"(anonymous_2)","decl":{"start":{"line":15,"column":74},"end":{"line":15,"column":75}},"loc":{"start":{"line":15,"column":88},"end":{"line":34,"column":7}},"line":15},"3":{"name":"(anonymous_3)","decl":{"start":{"line":24,"column":18},"end":{"line":24,"column":19}},"loc":{"start":{"line":24,"column":33},"end":{"line":33,"column":10}},"line":24},"4":{"name":"(anonymous_4)","decl":{"start":{"line":24,"column":106},"end":{"line":24,"column":107}},"loc":{"start":{"line":24,"column":115},"end":{"line":33,"column":9}},"line":24},"5":{"name":"(anonymous_5)","decl":{"start":{"line":34,"column":15},"end":{"line":34,"column":16}},"loc":{"start":{"line":34,"column":22},"end":{"line":34,"column":93}},"line":34}},"branchMap":{"0":{"loc":{"start":{"line":16,"column":8},"end":{"line":18,"column":9}},"type":"if","locations":[{"start":{"line":16,"column":8},"end":{"line":18,"column":9}},{"start":{"line":16,"column":8},"end":{"line":18,"column":9}}],"line":16},"1":{"loc":{"start":{"line":25,"column":10},"end":{"line":29,"column":11}},"type":"if","locations":[{"start":{"line":25,"column":10},"end":{"line":29,"column":11}},{"start":{"line":25,"column":10},"end":{"line":29,"column":11}}],"line":25}},"s":{"0":1,"1":1,"2":1,"3":1,"4":0,"5":0,"6":1,"7":0,"8":0,"9":0,"10":0,"11":0,"12":0,"13":0,"14":0,"15":0,"16":0,"17":0,"18":0},"f":{"0":0,"1":0,"2":0,"3":0,"4":0,"5":0},"b":{"0":[0,0],"1":[0,0]},"_coverageSchema":"332fd63041d2c1bcb487cc26dd0d5f7d97098a6c","hash":"e76e4566f2853c09145d265799bf0b7f63040f44"}
,"/Users/anmolvarma/authBridge/routes/verifyOtp.js": {"path":"/Users/anmolvarma/authBridge/routes/verifyOtp.js","statementMap":{"0":{"start":{"line":1,"column":15},"end":{"line":1,"column":35}},"1":{"start":{"line":3,"column":0},"end":{"line":92,"column":5}},"2":{"start":{"line":8,"column":6},"end":{"line":90,"column":95}},"3":{"start":{"line":14,"column":8},"end":{"line":58,"column":9}},"4":{"start":{"line":15,"column":10},"end":{"line":15,"column":70}},"5":{"start":{"line":16,"column":15},"end":{"line":58,"column":9}},"6":{"start":{"line":17,"column":10},"end":{"line":57,"column":13}},"7":{"start":{"line":20,"column":42},"end":{"line":29,"column":13}},"8":{"start":{"line":30,"column":12},"end":{"line":30,"column":72}},"9":{"start":{"line":31,"column":12},"end":{"line":31,"column":83}},"10":{"start":{"line":32,"column":12},"end":{"line":32,"column":53}},"11":{"start":{"line":33,"column":12},"end":{"line":33,"column":83}},"12":{"start":{"line":34,"column":12},"end":{"line":34,"column":81}},"13":{"start":{"line":35,"column":12},"end":{"line":35,"column":79}},"14":{"start":{"line":36,"column":12},"end":{"line":36,"column":85}},"15":{"start":{"line":37,"column":12},"end":{"line":37,"column":77}},"16":{"start":{"line":38,"column":12},"end":{"line":38,"column":83}},"17":{"start":{"line":39,"column":12},"end":{"line":39,"column":85}},"18":{"start":{"line":40,"column":12},"end":{"line":40,"column":89}},"19":{"start":{"line":41,"column":12},"end":{"line":41,"column":77}},"20":{"start":{"line":42,"column":12},"end":{"line":42,"column":87}},"21":{"start":{"line":43,"column":12},"end":{"line":43,"column":81}},"22":{"start":{"line":44,"column":12},"end":{"line":44,"column":83}},"23":{"start":{"line":45,"column":12},"end":{"line":45,"column":77}},"24":{"start":{"line":46,"column":12},"end":{"line":46,"column":77}},"25":{"start":{"line":47,"column":12},"end":{"line":47,"column":69}},"26":{"start":{"line":48,"column":12},"end":{"line":48,"column":52}},"27":{"start":{"line":49,"column":12},"end":{"line":49,"column":44}},"28":{"start":{"line":50,"column":12},"end":{"line":55,"column":15}},"29":{"start":{"line":56,"column":12},"end":{"line":56,"column":48}},"30":{"start":{"line":59,"column":41},"end":{"line":68,"column":9}},"31":{"start":{"line":69,"column":8},"end":{"line":69,"column":48}},"32":{"start":{"line":70,"column":8},"end":{"line":70,"column":72}},"33":{"start":{"line":71,"column":8},"end":{"line":71,"column":52}},"34":{"start":{"line":72,"column":8},"end":{"line":72,"column":77}},"35":{"start":{"line":73,"column":8},"end":{"line":73,"column":55}},"36":{"start":{"line":74,"column":8},"end":{"line":74,"column":54}},"37":{"start":{"line":75,"column":8},"end":{"line":75,"column":57}},"38":{"start":{"line":76,"column":8},"end":{"line":76,"column":53}},"39":{"start":{"line":77,"column":8},"end":{"line":77,"column":56}},"40":{"start":{"line":78,"column":8},"end":{"line":78,"column":57}},"41":{"start":{"line":79,"column":8},"end":{"line":79,"column":59}},"42":{"start":{"line":80,"column":8},"end":{"line":80,"column":53}},"43":{"start":{"line":81,"column":8},"end":{"line":81,"column":58}},"44":{"start":{"line":82,"column":8},"end":{"line":82,"column":55}},"45":{"start":{"line":83,"column":8},"end":{"line":83,"column":56}},"46":{"start":{"line":84,"column":8},"end":{"line":84,"column":53}},"47":{"start":{"line":85,"column":8},"end":{"line":85,"column":53}},"48":{"start":{"line":86,"column":8},"end":{"line":86,"column":57}},"49":{"start":{"line":87,"column":8},"end":{"line":87,"column":51}},"50":{"start":{"line":88,"column":8},"end":{"line":88,"column":43}},"51":{"start":{"line":89,"column":8},"end":{"line":89,"column":47}},"52":{"start":{"line":90,"column":22},"end":{"line":90,"column":93}}},"fnMap":{"0":{"name":"(anonymous_0)","decl":{"start":{"line":7,"column":13},"end":{"line":7,"column":14}},"loc":{"start":{"line":7,"column":33},"end":{"line":91,"column":5}},"line":7},"1":{"name":"(anonymous_1)","decl":{"start":{"line":13,"column":14},"end":{"line":13,"column":15}},"loc":{"start":{"line":13,"column":28},"end":{"line":90,"column":7}},"line":13},"2":{"name":"(anonymous_2)","decl":{"start":{"line":19,"column":18},"end":{"line":19,"column":19}},"loc":{"start":{"line":19,"column":48},"end":{"line":57,"column":11}},"line":19},"3":{"name":"(anonymous_3)","decl":{"start":{"line":90,"column":15},"end":{"line":90,"column":16}},"loc":{"start":{"line":90,"column":22},"end":{"line":90,"column":93}},"line":90}},"branchMap":{"0":{"loc":{"start":{"line":14,"column":8},"end":{"line":58,"column":9}},"type":"if","locations":[{"start":{"line":14,"column":8},"end":{"line":58,"column":9}},{"start":{"line":14,"column":8},"end":{"line":58,"column":9}}],"line":14},"1":{"loc":{"start":{"line":16,"column":15},"end":{"line":58,"column":9}},"type":"if","locations":[{"start":{"line":16,"column":15},"end":{"line":58,"column":9}},{"start":{"line":16,"column":15},"end":{"line":58,"column":9}}],"line":16}},"s":{"0":1,"1":1,"2":0,"3":0,"4":0,"5":0,"6":0,"7":0,"8":0,"9":0,"10":0,"11":0,"12":0,"13":0,"14":0,"15":0,"16":0,"17":0,"18":0,"19":0,"20":0,"21":0,"22":0,"23":0,"24":0,"25":0,"26":0,"27":0,"28":0,"29":0,"30":0,"31":0,"32":0,"33":0,"34":0,"35":0,"36":0,"37":0,"38":0,"39":0,"40":0,"41":0,"42":0,"43":0,"44":0,"45":0,"46":0,"47":0,"48":0,"49":0,"50":0,"51":0,"52":0},"f":{"0":0,"1":0,"2":0,"3":0},"b":{"0":[0,0],"1":[0,0]},"_coverageSchema":"332fd63041d2c1bcb487cc26dd0d5f7d97098a6c","hash":"361c7e70bc4fbd0e32a175bb6245b63db33f9c04"}
}
